TN:
SF:src/services/database/DatabaseService.ts
FN:21,(anonymous_1)
FN:36,(anonymous_2)
FN:47,(anonymous_3)
FN:52,(anonymous_4)
FN:53,(anonymous_5)
FN:67,(anonymous_6)
FN:72,(anonymous_7)
FN:73,(anonymous_8)
FN:90,(anonymous_9)
FN:95,(anonymous_10)
FN:96,(anonymous_11)
FN:112,(anonymous_12)
FN:117,(anonymous_13)
FN:118,(anonymous_14)
FN:134,(anonymous_15)
FN:139,(anonymous_16)
FN:140,(anonymous_17)
FN:154,(anonymous_18)
FN:162,(anonymous_19)
FN:170,(anonymous_20)
FN:179,(anonymous_21)
FNF:21
FNH:21
FNDA:1,(anonymous_1)
FNDA:9,(anonymous_2)
FNDA:6,(anonymous_3)
FNDA:6,(anonymous_4)
FNDA:6,(anonymous_5)
FNDA:7,(anonymous_6)
FNDA:6,(anonymous_7)
FNDA:6,(anonymous_8)
FNDA:17,(anonymous_9)
FNDA:17,(anonymous_10)
FNDA:17,(anonymous_11)
FNDA:1,(anonymous_12)
FNDA:1,(anonymous_13)
FNDA:1,(anonymous_14)
FNDA:3,(anonymous_15)
FNDA:3,(anonymous_16)
FNDA:3,(anonymous_17)
FNDA:2,(anonymous_18)
FNDA:1,(anonymous_19)
FNDA:1,(anonymous_20)
FNDA:2,(anonymous_21)
DA:1,1
DA:2,1
DA:3,1
DA:4,1
DA:7,1
DA:12,1
DA:14,1
DA:22,1
DA:25,1
DA:26,1
DA:27,0
DA:37,9
DA:38,1
DA:40,9
DA:48,6
DA:49,0
DA:52,6
DA:53,6
DA:54,6
DA:55,0
DA:57,6
DA:68,7
DA:69,1
DA:72,6
DA:73,6
DA:74,6
DA:75,0
DA:77,6
DA:78,6
DA:91,17
DA:92,0
DA:95,17
DA:96,17
DA:97,17
DA:98,0
DA:100,17
DA:113,1
DA:114,0
DA:117,1
DA:118,1
DA:119,1
DA:120,0
DA:122,1
DA:135,3
DA:136,0
DA:139,3
DA:140,3
DA:141,3
DA:142,0
DA:144,3
DA:155,2
DA:163,1
DA:171,1
DA:180,2
DA:181,2
DA:182,2
DA:183,1
DA:184,1
DA:186,1
DA:187,1
LF:60
LH:50
BRDA:22,0,0,1
BRDA:22,0,1,0
BRDA:22,0,2,0
BRDA:26,1,0,0
BRDA:37,2,0,1
BRDA:48,3,0,0
BRDA:54,4,0,0
BRDA:54,4,1,6
BRDA:68,5,0,1
BRDA:74,6,0,0
BRDA:74,6,1,6
BRDA:90,7,0,9
BRDA:91,8,0,0
BRDA:97,9,0,0
BRDA:97,9,1,17
BRDA:112,10,0,0
BRDA:113,11,0,0
BRDA:119,12,0,0
BRDA:119,12,1,1
BRDA:122,13,0,1
BRDA:122,13,1,0
BRDA:134,14,0,3
BRDA:135,15,0,0
BRDA:141,16,0,0
BRDA:141,16,1,3
BRF:25
BRH:11
end_of_record
